<?xml version="1.0" encoding="UTF-8"?>
<!-- Generated by org.testng.reporters.JUnitXMLReporter -->
<testsuite ignored="0" hostname="DESKTOP-G092QH2" failures="1" tests="3" name="Test" time="174.074" errors="0" timestamp="2022-12-23T06:59:44 IST">
  <testcase classname="testNG.TestCase3" name="tc3" time="26.4"/>
  <testcase classname="testNG.TestCase1" name="tc1" time="14.427"/>
  <testcase classname="testNG.TestCase2" name="tc2" time="6.291">
    <failure type="java.lang.AssertionError" message="expected [kmknjnjkjkjk] but found [Forgotten Password | Can&amp;apos;t Log In | Facebook]">
      <![CDATA[java.lang.AssertionError: expected [kmknjnjkjkjk] but found [Forgotten Password | Can't Log In | Facebook]
at testNG.TestCase2.tc2(TestCase2.java:32)
at java.base/java.util.ArrayList.forEach(ArrayList.java:1511)
... Removed 31 stack frames]]>
    </failure>
  </testcase> <!-- tc2 -->
</testsuite> <!-- Test -->
